<?xml version="1.0" encoding="UTF-8"?>
<!-- Generated by org.testng.reporters.JUnitXMLReporter -->
<testsuite hostname="DESKTOP-DI9R8GJ" ignored="0" name="HybridFrameworkTest" tests="6" failures="0" timestamp="2021-02-12T19:34:13 CST" time="89.531" errors="0">
  <testcase name="SearchDataDrivenTest" time="10.086" classname="com.qa.linkedin.testcases.searchDataDrivenTest"/>
  <testcase name="SearchDataDrivenTest" time="12.892" classname="com.qa.linkedin.testcases.searchDataDrivenTest"/>
  <testcase name="SearchDataDrivenTest" time="13.575" classname="com.qa.linkedin.testcases.searchDataDrivenTest"/>
  <testcase name="SearchDataDrivenTest" time="13.148" classname="com.qa.linkedin.testcases.searchDataDrivenTest"/>
  <testcase name="SearchDataDrivenTest" time="13.209" classname="com.qa.linkedin.testcases.searchDataDrivenTest"/>
  <testcase name="SearchDataDrivenTest" time="13.28" classname="com.qa.linkedin.testcases.searchDataDrivenTest"/>
</testsuite> <!-- HybridFrameworkTest -->
