<?xml version="1.0" encoding="UTF-8"?>
<!-- Generated by org.testng.reporters.JUnitXMLReporter -->
<testsuite hostname="DESKTOP-DI9R8GJ" ignored="0" name="HybridFrameworkTest" tests="6" failures="0" timestamp="2021-02-12T16:57:40 CST" time="80.364" errors="0">
  <testcase name="SearchDataDrivenTest" time="6.673" classname="com.qa.linkedin.testcases.searchDataDrivenTest"/>
  <testcase name="SearchDataDrivenTest" time="12.746" classname="com.qa.linkedin.testcases.searchDataDrivenTest"/>
  <testcase name="SearchDataDrivenTest" time="12.879" classname="com.qa.linkedin.testcases.searchDataDrivenTest"/>
  <testcase name="SearchDataDrivenTest" time="12.775" classname="com.qa.linkedin.testcases.searchDataDrivenTest"/>
  <testcase name="SearchDataDrivenTest" time="12.788" classname="com.qa.linkedin.testcases.searchDataDrivenTest"/>
  <testcase name="SearchDataDrivenTest" time="12.889" classname="com.qa.linkedin.testcases.searchDataDrivenTest"/>
</testsuite> <!-- HybridFrameworkTest -->
