<?xml version="1.0" encoding="UTF-8"?>
<!-- Generated by org.testng.reporters.JUnitXMLReporter -->
<testsuite hostname="DESKTOP-DI9R8GJ" ignored="0" name="Default test" tests="6" failures="0" timestamp="2021-02-12T16:36:31 CST" time="79.819" errors="0">
  <testcase name="SearchDataDrivenTest" time="6.763" classname="com.qa.linkedin.testcases.searchDataDrivenTest"/>
  <testcase name="SearchDataDrivenTest" time="12.756" classname="com.qa.linkedin.testcases.searchDataDrivenTest"/>
  <testcase name="SearchDataDrivenTest" time="12.82" classname="com.qa.linkedin.testcases.searchDataDrivenTest"/>
  <testcase name="SearchDataDrivenTest" time="12.829" classname="com.qa.linkedin.testcases.searchDataDrivenTest"/>
  <testcase name="SearchDataDrivenTest" time="12.809" classname="com.qa.linkedin.testcases.searchDataDrivenTest"/>
  <testcase name="SearchDataDrivenTest" time="12.827" classname="com.qa.linkedin.testcases.searchDataDrivenTest"/>
</testsuite> <!-- Default test -->
